----------------- parameters ----------------
-i = /home/patrick/projects/phd/experiments/experiment-1/scripts/../inference/a8312ecf-59d2-4d96-9a41-7d5c353fe9e0/models/full/input.mln
-cw = 
-ow = 
-queryEvidence = 0
-m = 0
-a = 0
-p = 0
-ms = 0
-bp = 0
-efbp = 0
-decision = 0
-simtp = 0
-outputNetwork = 0
-counts = 0
-seed = -1
-lazy = 0
-lazyNoApprox = 0
-memLimit = -1
-PrintSamplePerIteration = 0
-SAInterval = 100
-MaxSeconds = 
-SATempDownRatio = 0.9
-SA = 0
-hybrid = 0
-propstdev = tmp.sd
-contSamples = 
-mwsMaxSteps = 1000000
-tries = 1
-targetWt = 0
-breakHardClauses = 0
-heuristic = 2
-tabuLength = 10
-lazyLowState = 0
-burnMinSteps = 100
-burnMaxSteps = 100
-minSteps = 2000
-maxSteps = 2000
-maxSeconds = -1
-subInterval = 2
-numRuns = 3
-numSwap = 10
-lifted = 0
-useHC = 0
-useCT = 0
-convThresh = 0.0001
-convIterations = 20
-explicitRep = 0
-hcCreateType = 0
-hcCreateNoise = 0
-lncIter = 0
-noHC = 
-numSolutions = 10
-saRatio = 50
-saTemperature = 80
-lateSa = 1
-numChains = 10
-delta = 0.05
-epsilonError = 0.01
-fracConverged = 0.95
-walksatType = 1
-testConvergence = 0
-samplesPerTest = 100
-e = /home/patrick/projects/phd/experiments/experiment-1/scripts/../inference/a8312ecf-59d2-4d96-9a41-7d5c353fe9e0/models/full/input.db
-r = /home/patrick/projects/phd/experiments/experiment-1/scripts/../inference/a8312ecf-59d2-4d96-9a41-7d5c353fe9e0/models/full/output.result
-q = 
-f = /home/patrick/projects/phd/experiments/experiment-1/scripts/../inference/a8312ecf-59d2-4d96-9a41-7d5c353fe9e0/models/full/query.db
----------------- end of parameters ----------------
Reading formulas and evidence predicates...
input.mln28915_tmpalchemy.mln
Adding clauses to MLN...
converting to CNF:
formula 0: !(At(Sarah,Park,DuringWalk) ^ At(Sarah,Home,DuringWalk))
clause 0: !At(Sarah,Park,DuringWalk) v !At(Sarah,Home,DuringWalk)
CNF conversion took 0 secs
formula 1: !(At(Sarah,Park,AfterWalk) ^ At(Sarah,Home,AfterWalk))
clause 0: !At(Sarah,Park,AfterWalk) v !At(Sarah,Home,AfterWalk)
CNF conversion took 0 secs
formula 2: !(At(Fluffy,Park,DuringWalk) ^ At(Fluffy,Home,DuringWalk))
clause 0: !At(Fluffy,Park,DuringWalk) v !At(Fluffy,Home,DuringWalk)
CNF conversion took 0 secs
formula 3: !(At(Fluffy,Park,AfterWalk) ^ At(Fluffy,Home,AfterWalk))
clause 0: !At(Fluffy,Park,AfterWalk) v !At(Fluffy,Home,AfterWalk)
CNF conversion took 0 secs
formula 4: Waiting(Sarah,Park,AfterWalk) => At(Sarah,Park,DuringWalk) ^ At(Sarah,Park,AfterWalk)
clause 0: At(Sarah,Park,DuringWalk) v !Waiting(Sarah,Park,AfterWalk)
clause 1: At(Sarah,Park,AfterWalk) v !Waiting(Sarah,Park,AfterWalk)
CNF conversion took 0 secs
formula 5: Waiting(Sarah,Home,AfterWalk) => At(Sarah,Home,DuringWalk) ^ At(Sarah,Home,AfterWalk)
clause 0: At(Sarah,Home,DuringWalk) v !Waiting(Sarah,Home,AfterWalk)
clause 1: At(Sarah,Home,AfterWalk) v !Waiting(Sarah,Home,AfterWalk)
CNF conversion took 0 secs
formula 6: Waiting(Fluffy,Park,AfterWalk) => At(Fluffy,Park,DuringWalk) ^ At(Fluffy,Park,AfterWalk)
clause 0: At(Fluffy,Park,DuringWalk) v !Waiting(Fluffy,Park,AfterWalk)
clause 1: At(Fluffy,Park,AfterWalk) v !Waiting(Fluffy,Park,AfterWalk)
CNF conversion took 0 secs
formula 7: Waiting(Fluffy,Home,AfterWalk) => At(Fluffy,Home,DuringWalk) ^ At(Fluffy,Home,AfterWalk)
clause 0: At(Fluffy,Home,DuringWalk) v !Waiting(Fluffy,Home,AfterWalk)
clause 1: At(Fluffy,Home,AfterWalk) v !Waiting(Fluffy,Home,AfterWalk)
CNF conversion took 0 secs
formula 8: At(Sarah,Park,DuringWalk)
clause 0: At(Sarah,Park,DuringWalk)
CNF conversion took 0 secs
formula 9: At(Sarah,Park,DuringWalk) => At(Fluffy,Park,DuringWalk)
clause 0: At(Fluffy,Park,DuringWalk) v !At(Sarah,Park,DuringWalk)
CNF conversion took 0 secs
formula 10: At(Sarah,Park,AfterWalk) => At(Fluffy,Park,AfterWalk)
clause 0: At(Fluffy,Park,AfterWalk) v !At(Sarah,Park,AfterWalk)
CNF conversion took 0 secs
formula 11: LongWalk(Sarah)
clause 0: LongWalk(Sarah)
CNF conversion took 0 secs
formula 12: At(Sarah,Home,AfterWalk)
clause 0: At(Sarah,Home,AfterWalk)
CNF conversion took 0 secs
formula 13: Waiting(Fluffy,Home,AfterWalk)
clause 0: Waiting(Fluffy,Home,AfterWalk)
CNF conversion took 0 secs
BEGIN CNF CONVERSION RESULT
formula 0 idx 0: 999 !At(Sarah,Park,DuringWalk) v !At(Sarah,Home,DuringWalk)
formula 1 idx 0: 999 !At(Sarah,Park,AfterWalk) v !At(Sarah,Home,AfterWalk)
formula 2 idx 0: 999 !At(Fluffy,Park,DuringWalk) v !At(Fluffy,Home,DuringWalk)
formula 3 idx 0: 999 !At(Fluffy,Park,AfterWalk) v !At(Fluffy,Home,AfterWalk)
formula 4 idx 0: 499.5 At(Sarah,Park,DuringWalk) v !Waiting(Sarah,Park,AfterWalk)
formula 4 idx 1: 499.5 At(Sarah,Park,AfterWalk) v !Waiting(Sarah,Park,AfterWalk)
formula 5 idx 0: 499.5 At(Sarah,Home,DuringWalk) v !Waiting(Sarah,Home,AfterWalk)
formula 5 idx 1: 499.5 At(Sarah,Home,AfterWalk) v !Waiting(Sarah,Home,AfterWalk)
formula 6 idx 0: 499.5 At(Fluffy,Park,DuringWalk) v !Waiting(Fluffy,Park,AfterWalk)
formula 6 idx 1: 499.5 At(Fluffy,Park,AfterWalk) v !Waiting(Fluffy,Park,AfterWalk)
formula 7 idx 0: 499.5 At(Fluffy,Home,DuringWalk) v !Waiting(Fluffy,Home,AfterWalk)
formula 7 idx 1: 499.5 At(Fluffy,Home,AfterWalk) v !Waiting(Fluffy,Home,AfterWalk)
formula 8 idx 0: 999 At(Sarah,Park,DuringWalk)
formula 9 idx 0: 999 At(Fluffy,Park,DuringWalk) v !At(Sarah,Park,DuringWalk)
formula 10 idx 0: 999 At(Fluffy,Park,AfterWalk) v !At(Sarah,Park,AfterWalk)
formula 11 idx 0: 999 LongWalk(Sarah)
formula 12 idx 0: 999 At(Sarah,Home,AfterWalk)
formula 13 idx 0: 999 Waiting(Fluffy,Home,AfterWalk)
END CNF CONVERSION RESULT
Reading query predicates that are specified in query file...
At(Sarah,Park,DuringWalk)
At(Sarah,Park,AfterWalk)
At(Sarah,Home,DuringWalk)
At(Sarah,Home,AfterWalk)
At(Fluffy,Park,DuringWalk)
At(Fluffy,Park,AfterWalk)
At(Fluffy,Home,DuringWalk)
At(Fluffy,Home,AfterWalk)
Waiting(Sarah,Park,DuringWalk)
Waiting(Sarah,Park,AfterWalk)
Waiting(Sarah,Home,DuringWalk)
Waiting(Sarah,Home,AfterWalk)
Waiting(Fluffy,Park,DuringWalk)
Waiting(Fluffy,Park,AfterWalk)
Waiting(Fluffy,Home,DuringWalk)
Waiting(Fluffy,Home,AfterWalk)
LongWalk(Sarah)
LongWalk(Fluffy)
Set hard weight to 13996
creating mrf...
number of grounded predicates = 18
number of grounded clauses = 18
Time taken to construct MRF = 0 secs
[VS] 0 secs
>>> DONE: Initial num. of clauses: 18
Initializing MC-SAT with MaxWalksat on hard clauses...
Running MC-SAT sampling...
Sample (per pred) 100, time elapsed = 0 secs, num. preds = 18, num. clauses = 18
Done burning. 100 samples.
Sample (per pred) 100, time elapsed = 0.01 secs, num. preds = 18, num. clauses = 18
Sample (per pred) 200, time elapsed = 0.01 secs, num. preds = 18, num. clauses = 18
Sample (per pred) 300, time elapsed = 0.01 secs, num. preds = 18, num. clauses = 18
Sample (per pred) 400, time elapsed = 0.02 secs, num. preds = 18, num. clauses = 18
Sample (per pred) 500, time elapsed = 0.02 secs, num. preds = 18, num. clauses = 18
Sample (per pred) 600, time elapsed = 0.03 secs, num. preds = 18, num. clauses = 18
Sample (per pred) 700, time elapsed = 0.03 secs, num. preds = 18, num. clauses = 18
Sample (per pred) 800, time elapsed = 0.03 secs, num. preds = 18, num. clauses = 18
Sample (per pred) 900, time elapsed = 0.04 secs, num. preds = 18, num. clauses = 18
Sample (per pred) 1000, time elapsed = 0.04 secs, num. preds = 18, num. clauses = 18
Sample (per pred) 1100, time elapsed = 0.04 secs, num. preds = 18, num. clauses = 18
Sample (per pred) 1200, time elapsed = 0.05 secs, num. preds = 18, num. clauses = 18
Sample (per pred) 1300, time elapsed = 0.05 secs, num. preds = 18, num. clauses = 18
Sample (per pred) 1400, time elapsed = 0.06 secs, num. preds = 18, num. clauses = 18
Sample (per pred) 1500, time elapsed = 0.06 secs, num. preds = 18, num. clauses = 18
Sample (per pred) 1600, time elapsed = 0.06 secs, num. preds = 18, num. clauses = 18
Sample (per pred) 1700, time elapsed = 0.07 secs, num. preds = 18, num. clauses = 18
Sample (per pred) 1800, time elapsed = 0.07 secs, num. preds = 18, num. clauses = 18
Sample (per pred) 1900, time elapsed = 0.08 secs, num. preds = 18, num. clauses = 18
Sample (per pred) 2000, time elapsed = 0.08 secs, num. preds = 18, num. clauses = 18
Done MC-SAT sampling. 2000 samples.
Final ground predicate number: 18
Final ground clause number: 18
Time taken for MC-SAT sampling = 0.08 secs
Time taken for SampleSat = 0.06 secs
Time-Results: Init 0 Run 0.08 Total 0.08
BEGIN CLAUSE TRUE COUNTS
clause 0: 2000 / 2000 (1 groundings) 999 !At(Sarah,Park,DuringWalk) v !At(Sarah,Home,DuringWalk)
clause 1: 2000 / 2000 (1 groundings) 999 !At(Sarah,Park,AfterWalk) v !At(Sarah,Home,AfterWalk)
clause 2: 2000 / 2000 (1 groundings) 999 !At(Fluffy,Park,DuringWalk) v !At(Fluffy,Home,DuringWalk)
clause 3: 2000 / 2000 (1 groundings) 999 !At(Fluffy,Park,AfterWalk) v !At(Fluffy,Home,AfterWalk)
clause 4: 2000 / 2000 (1 groundings) 499.5 At(Sarah,Park,DuringWalk) v !Waiting(Sarah,Park,AfterWalk)
clause 5: 2000 / 2000 (1 groundings) 499.5 At(Sarah,Park,AfterWalk) v !Waiting(Sarah,Park,AfterWalk)
clause 6: 2000 / 2000 (1 groundings) 499.5 At(Sarah,Home,DuringWalk) v !Waiting(Sarah,Home,AfterWalk)
clause 7: 2000 / 2000 (1 groundings) 499.5 At(Sarah,Home,AfterWalk) v !Waiting(Sarah,Home,AfterWalk)
clause 8: 2000 / 2000 (1 groundings) 499.5 At(Fluffy,Park,DuringWalk) v !Waiting(Fluffy,Park,AfterWalk)
clause 9: 2000 / 2000 (1 groundings) 499.5 At(Fluffy,Park,AfterWalk) v !Waiting(Fluffy,Park,AfterWalk)
clause 10: 0 / 2000 (1 groundings) 499.5 At(Fluffy,Home,DuringWalk) v !Waiting(Fluffy,Home,AfterWalk)
clause 11: 2000 / 2000 (1 groundings) 499.5 At(Fluffy,Home,AfterWalk) v !Waiting(Fluffy,Home,AfterWalk)
clause 12: 2000 / 2000 (1 groundings) 999 At(Sarah,Park,DuringWalk)
clause 13: 2000 / 2000 (1 groundings) 999 At(Fluffy,Park,DuringWalk) v !At(Sarah,Park,DuringWalk)
clause 14: 2000 / 2000 (1 groundings) 999 At(Fluffy,Park,AfterWalk) v !At(Sarah,Park,AfterWalk)
clause 15: 2000 / 2000 (1 groundings) 999 LongWalk(Sarah)
clause 16: 2000 / 2000 (1 groundings) 999 At(Sarah,Home,AfterWalk)
clause 17: 2000 / 2000 (1 groundings) 999 Waiting(Fluffy,Home,AfterWalk)
END CLAUSE TRUE COUNTS
total time taken = 0.08 secs
