----------------- parameters ----------------
-i = /home/patrick/projects/phd/experiments/experiment-1/scripts/../inference/6436abf9-087a-4bf7-8ae7-b75b747568be/models/flawed/input.mln
-cw = 
-ow = 
-queryEvidence = 0
-m = 0
-a = 0
-p = 0
-ms = 0
-bp = 0
-efbp = 0
-decision = 0
-simtp = 0
-outputNetwork = 0
-counts = 0
-seed = -1
-lazy = 0
-lazyNoApprox = 0
-memLimit = -1
-PrintSamplePerIteration = 0
-SAInterval = 100
-MaxSeconds = 
-SATempDownRatio = 0.9
-SA = 0
-hybrid = 0
-propstdev = tmp.sd
-contSamples = 
-mwsMaxSteps = 1000000
-tries = 1
-targetWt = 0
-breakHardClauses = 0
-heuristic = 2
-tabuLength = 10
-lazyLowState = 0
-burnMinSteps = 100
-burnMaxSteps = 100
-minSteps = 2000
-maxSteps = 2000
-maxSeconds = -1
-subInterval = 2
-numRuns = 3
-numSwap = 10
-lifted = 0
-useHC = 0
-useCT = 0
-convThresh = 0.0001
-convIterations = 20
-explicitRep = 0
-hcCreateType = 0
-hcCreateNoise = 0
-lncIter = 0
-noHC = 
-numSolutions = 10
-saRatio = 50
-saTemperature = 80
-lateSa = 1
-numChains = 10
-delta = 0.05
-epsilonError = 0.01
-fracConverged = 0.95
-walksatType = 1
-testConvergence = 0
-samplesPerTest = 100
-e = /home/patrick/projects/phd/experiments/experiment-1/scripts/../inference/6436abf9-087a-4bf7-8ae7-b75b747568be/models/flawed/input.db
-r = /home/patrick/projects/phd/experiments/experiment-1/scripts/../inference/6436abf9-087a-4bf7-8ae7-b75b747568be/models/flawed/output.result
-q = 
-f = /home/patrick/projects/phd/experiments/experiment-1/scripts/../inference/6436abf9-087a-4bf7-8ae7-b75b747568be/models/flawed/query.db
----------------- end of parameters ----------------
Reading formulas and evidence predicates...
input.mln28940_tmpalchemy.mln
Adding clauses to MLN...
converting to CNF:
formula 0: Hidden(FoundCandy) => In(FoundCandy,Drawer)
clause 0: !Hidden(FoundCandy) v In(FoundCandy,Drawer)
CNF conversion took 0 secs
formula 1: Hidden(Candy) => In(Candy,Drawer)
clause 0: !Hidden(Candy) v In(Candy,Drawer)
CNF conversion took 0 secs
formula 2: Hidden(Mothball) => In(Mothball,Drawer)
clause 0: !Hidden(Mothball) v In(Mothball,Drawer)
CNF conversion took 0 secs
formula 3: !Is(Candy,Mothball)
clause 0: !Is(Candy,Mothball)
CNF conversion took 0 secs
formula 4: Is(FoundCandy,FoundCandy)
clause 0: Is(FoundCandy,FoundCandy)
CNF conversion took 0 secs
formula 5: Is(Candy,Candy)
clause 0: Is(Candy,Candy)
CNF conversion took 0 secs
formula 6: Is(Mothball,Mothball)
clause 0: Is(Mothball,Mothball)
CNF conversion took 0 secs
formula 7: Is(FoundCandy,FoundCandy) <=> Is(FoundCandy,FoundCandy)
clause 0: Is(FoundCandy,FoundCandy) v !Is(FoundCandy,FoundCandy)
clause 1 (merged): Is(FoundCandy,FoundCandy) v !Is(FoundCandy,FoundCandy)
CNF conversion took 0 secs
formula 8: Is(FoundCandy,Candy) <=> Is(Candy,FoundCandy)
clause 0: Is(FoundCandy,Candy) v !Is(Candy,FoundCandy)
clause 1: Is(Candy,FoundCandy) v !Is(FoundCandy,Candy)
CNF conversion took 0 secs
formula 9: Is(FoundCandy,Mothball) <=> Is(Mothball,FoundCandy)
clause 0: Is(FoundCandy,Mothball) v !Is(Mothball,FoundCandy)
clause 1: Is(Mothball,FoundCandy) v !Is(FoundCandy,Mothball)
CNF conversion took 0 secs
formula 10: Is(Candy,FoundCandy) <=> Is(FoundCandy,Candy)
clause 0 (merged): Is(Candy,FoundCandy) v !Is(FoundCandy,Candy)
clause 1 (merged): Is(FoundCandy,Candy) v !Is(Candy,FoundCandy)
CNF conversion took 0 secs
formula 11: Is(Candy,Candy) <=> Is(Candy,Candy)
clause 0: Is(Candy,Candy) v !Is(Candy,Candy)
clause 1 (merged): Is(Candy,Candy) v !Is(Candy,Candy)
CNF conversion took 0 secs
formula 12: Is(Candy,Mothball) <=> Is(Mothball,Candy)
clause 0: Is(Candy,Mothball) v !Is(Mothball,Candy)
clause 1: Is(Mothball,Candy) v !Is(Candy,Mothball)
CNF conversion took 0 secs
formula 13: Is(Mothball,FoundCandy) <=> Is(FoundCandy,Mothball)
clause 0 (merged): Is(Mothball,FoundCandy) v !Is(FoundCandy,Mothball)
clause 1 (merged): Is(FoundCandy,Mothball) v !Is(Mothball,FoundCandy)
CNF conversion took 0 secs
formula 14: Is(Mothball,Candy) <=> Is(Candy,Mothball)
clause 0 (merged): Is(Mothball,Candy) v !Is(Candy,Mothball)
clause 1 (merged): Is(Candy,Mothball) v !Is(Mothball,Candy)
CNF conversion took 0 secs
formula 15: Is(Mothball,Mothball) <=> Is(Mothball,Mothball)
clause 0: Is(Mothball,Mothball) v !Is(Mothball,Mothball)
clause 1 (merged): Is(Mothball,Mothball) v !Is(Mothball,Mothball)
CNF conversion took 0 secs
formula 16: Is(FoundCandy,FoundCandy) ^ Is(FoundCandy,FoundCandy) => Is(FoundCandy,FoundCandy)
clause 0 (merged): Is(FoundCandy,FoundCandy) v !Is(FoundCandy,FoundCandy)
CNF conversion took 0 secs
formula 17: Is(FoundCandy,FoundCandy) ^ Is(FoundCandy,Candy) => Is(FoundCandy,Candy)
clause 0: Is(FoundCandy,Candy) v !Is(FoundCandy,FoundCandy) v !Is(FoundCandy,Candy)
CNF conversion took 0 secs
formula 18: Is(FoundCandy,FoundCandy) ^ Is(FoundCandy,Mothball) => Is(FoundCandy,Mothball)
clause 0: Is(FoundCandy,Mothball) v !Is(FoundCandy,FoundCandy) v !Is(FoundCandy,Mothball)
CNF conversion took 0 secs
formula 19: Is(FoundCandy,Candy) ^ Is(Candy,FoundCandy) => Is(FoundCandy,FoundCandy)
clause 0: Is(FoundCandy,FoundCandy) v !Is(FoundCandy,Candy) v !Is(Candy,FoundCandy)
CNF conversion took 0 secs
formula 20: Is(FoundCandy,Candy) ^ Is(Candy,Candy) => Is(FoundCandy,Candy)
clause 0: Is(FoundCandy,Candy) v !Is(FoundCandy,Candy) v !Is(Candy,Candy)
CNF conversion took 0 secs
formula 21: Is(FoundCandy,Candy) ^ Is(Candy,Mothball) => Is(FoundCandy,Mothball)
clause 0: Is(FoundCandy,Mothball) v !Is(FoundCandy,Candy) v !Is(Candy,Mothball)
CNF conversion took 0 secs
formula 22: Is(FoundCandy,Mothball) ^ Is(Mothball,FoundCandy) => Is(FoundCandy,FoundCandy)
clause 0: Is(FoundCandy,FoundCandy) v !Is(FoundCandy,Mothball) v !Is(Mothball,FoundCandy)
CNF conversion took 0 secs
formula 23: Is(FoundCandy,Mothball) ^ Is(Mothball,Candy) => Is(FoundCandy,Candy)
clause 0: Is(FoundCandy,Candy) v !Is(FoundCandy,Mothball) v !Is(Mothball,Candy)
CNF conversion took 0 secs
formula 24: Is(FoundCandy,Mothball) ^ Is(Mothball,Mothball) => Is(FoundCandy,Mothball)
clause 0: Is(FoundCandy,Mothball) v !Is(FoundCandy,Mothball) v !Is(Mothball,Mothball)
CNF conversion took 0 secs
formula 25: Is(Candy,FoundCandy) ^ Is(FoundCandy,FoundCandy) => Is(Candy,FoundCandy)
clause 0: Is(Candy,FoundCandy) v !Is(FoundCandy,FoundCandy) v !Is(Candy,FoundCandy)
CNF conversion took 0 secs
formula 26: Is(Candy,FoundCandy) ^ Is(FoundCandy,Candy) => Is(Candy,Candy)
clause 0: Is(Candy,Candy) v !Is(FoundCandy,Candy) v !Is(Candy,FoundCandy)
CNF conversion took 0 secs
formula 27: Is(Candy,FoundCandy) ^ Is(FoundCandy,Mothball) => Is(Candy,Mothball)
clause 0: Is(Candy,Mothball) v !Is(FoundCandy,Mothball) v !Is(Candy,FoundCandy)
CNF conversion took 0 secs
formula 28: Is(Candy,Candy) ^ Is(Candy,FoundCandy) => Is(Candy,FoundCandy)
clause 0: Is(Candy,FoundCandy) v !Is(Candy,FoundCandy) v !Is(Candy,Candy)
CNF conversion took 0 secs
formula 29: Is(Candy,Candy) ^ Is(Candy,Candy) => Is(Candy,Candy)
clause 0 (merged): Is(Candy,Candy) v !Is(Candy,Candy)
CNF conversion took 0 secs
formula 30: Is(Candy,Candy) ^ Is(Candy,Mothball) => Is(Candy,Mothball)
clause 0: Is(Candy,Mothball) v !Is(Candy,Candy) v !Is(Candy,Mothball)
CNF conversion took 0 secs
formula 31: Is(Candy,Mothball) ^ Is(Mothball,FoundCandy) => Is(Candy,FoundCandy)
clause 0: Is(Candy,FoundCandy) v !Is(Candy,Mothball) v !Is(Mothball,FoundCandy)
CNF conversion took 0 secs
formula 32: Is(Candy,Mothball) ^ Is(Mothball,Candy) => Is(Candy,Candy)
clause 0: Is(Candy,Candy) v !Is(Candy,Mothball) v !Is(Mothball,Candy)
CNF conversion took 0 secs
formula 33: Is(Candy,Mothball) ^ Is(Mothball,Mothball) => Is(Candy,Mothball)
clause 0: Is(Candy,Mothball) v !Is(Candy,Mothball) v !Is(Mothball,Mothball)
CNF conversion took 0 secs
formula 34: Is(Mothball,FoundCandy) ^ Is(FoundCandy,FoundCandy) => Is(Mothball,FoundCandy)
clause 0: Is(Mothball,FoundCandy) v !Is(FoundCandy,FoundCandy) v !Is(Mothball,FoundCandy)
CNF conversion took 0 secs
formula 35: Is(Mothball,FoundCandy) ^ Is(FoundCandy,Candy) => Is(Mothball,Candy)
clause 0: Is(Mothball,Candy) v !Is(FoundCandy,Candy) v !Is(Mothball,FoundCandy)
CNF conversion took 0 secs
formula 36: Is(Mothball,FoundCandy) ^ Is(FoundCandy,Mothball) => Is(Mothball,Mothball)
clause 0: Is(Mothball,Mothball) v !Is(FoundCandy,Mothball) v !Is(Mothball,FoundCandy)
CNF conversion took 0 secs
formula 37: Is(Mothball,Candy) ^ Is(Candy,FoundCandy) => Is(Mothball,FoundCandy)
clause 0: Is(Mothball,FoundCandy) v !Is(Candy,FoundCandy) v !Is(Mothball,Candy)
CNF conversion took 0 secs
formula 38: Is(Mothball,Candy) ^ Is(Candy,Candy) => Is(Mothball,Candy)
clause 0: Is(Mothball,Candy) v !Is(Candy,Candy) v !Is(Mothball,Candy)
CNF conversion took 0 secs
formula 39: Is(Mothball,Candy) ^ Is(Candy,Mothball) => Is(Mothball,Mothball)
clause 0: Is(Mothball,Mothball) v !Is(Candy,Mothball) v !Is(Mothball,Candy)
CNF conversion took 0 secs
formula 40: Is(Mothball,Mothball) ^ Is(Mothball,FoundCandy) => Is(Mothball,FoundCandy)
clause 0: Is(Mothball,FoundCandy) v !Is(Mothball,FoundCandy) v !Is(Mothball,Mothball)
CNF conversion took 0 secs
formula 41: Is(Mothball,Mothball) ^ Is(Mothball,Candy) => Is(Mothball,Candy)
clause 0: Is(Mothball,Candy) v !Is(Mothball,Candy) v !Is(Mothball,Mothball)
CNF conversion took 0 secs
formula 42: Is(Mothball,Mothball) ^ Is(Mothball,Mothball) => Is(Mothball,Mothball)
clause 0 (merged): Is(Mothball,Mothball) v !Is(Mothball,Mothball)
CNF conversion took 0 secs
formula 43: Is(FoundCandy,FoundCandy) => (In(FoundCandy,Drawer) <=> In(FoundCandy,Drawer))
clause 0: In(FoundCandy,Drawer) v !In(FoundCandy,Drawer) v !Is(FoundCandy,FoundCandy)
clause 1 (merged): In(FoundCandy,Drawer) v !In(FoundCandy,Drawer) v !Is(FoundCandy,FoundCandy)
CNF conversion took 0 secs
formula 44: Is(FoundCandy,Candy) => (In(FoundCandy,Drawer) <=> In(Candy,Drawer))
clause 0: In(FoundCandy,Drawer) v !In(Candy,Drawer) v !Is(FoundCandy,Candy)
clause 1: In(Candy,Drawer) v !In(FoundCandy,Drawer) v !Is(FoundCandy,Candy)
CNF conversion took 0 secs
formula 45: Is(FoundCandy,Mothball) => (In(FoundCandy,Drawer) <=> In(Mothball,Drawer))
clause 0: In(FoundCandy,Drawer) v !In(Mothball,Drawer) v !Is(FoundCandy,Mothball)
clause 1: In(Mothball,Drawer) v !In(FoundCandy,Drawer) v !Is(FoundCandy,Mothball)
CNF conversion took 0 secs
formula 46: Is(Candy,FoundCandy) => (In(Candy,Drawer) <=> In(FoundCandy,Drawer))
clause 0: In(Candy,Drawer) v !In(FoundCandy,Drawer) v !Is(Candy,FoundCandy)
clause 1: In(FoundCandy,Drawer) v !In(Candy,Drawer) v !Is(Candy,FoundCandy)
CNF conversion took 0 secs
formula 47: Is(Candy,Candy) => (In(Candy,Drawer) <=> In(Candy,Drawer))
clause 0: In(Candy,Drawer) v !In(Candy,Drawer) v !Is(Candy,Candy)
clause 1 (merged): In(Candy,Drawer) v !In(Candy,Drawer) v !Is(Candy,Candy)
CNF conversion took 0 secs
formula 48: Is(Candy,Mothball) => (In(Candy,Drawer) <=> In(Mothball,Drawer))
clause 0: In(Candy,Drawer) v !In(Mothball,Drawer) v !Is(Candy,Mothball)
clause 1: In(Mothball,Drawer) v !In(Candy,Drawer) v !Is(Candy,Mothball)
CNF conversion took 0 secs
formula 49: Is(Mothball,FoundCandy) => (In(Mothball,Drawer) <=> In(FoundCandy,Drawer))
clause 0: In(Mothball,Drawer) v !In(FoundCandy,Drawer) v !Is(Mothball,FoundCandy)
clause 1: In(FoundCandy,Drawer) v !In(Mothball,Drawer) v !Is(Mothball,FoundCandy)
CNF conversion took 0 secs
formula 50: Is(Mothball,Candy) => (In(Mothball,Drawer) <=> In(Candy,Drawer))
clause 0: In(Mothball,Drawer) v !In(Candy,Drawer) v !Is(Mothball,Candy)
clause 1: In(Candy,Drawer) v !In(Mothball,Drawer) v !Is(Mothball,Candy)
CNF conversion took 0 secs
formula 51: Is(Mothball,Mothball) => (In(Mothball,Drawer) <=> In(Mothball,Drawer))
clause 0: In(Mothball,Drawer) v !In(Mothball,Drawer) v !Is(Mothball,Mothball)
clause 1 (merged): In(Mothball,Drawer) v !In(Mothball,Drawer) v !Is(Mothball,Mothball)
CNF conversion took 0 secs
formula 52: In(FoundCandy,Drawer) ^ In(FoundCandy,Drawer) => Is(FoundCandy,FoundCandy)
clause 0: !In(FoundCandy,Drawer) v Is(FoundCandy,FoundCandy)
CNF conversion took 0 secs
formula 53: In(FoundCandy,Drawer) ^ In(Candy,Drawer) => Is(FoundCandy,Candy)
clause 0: !In(FoundCandy,Drawer) v !In(Candy,Drawer) v Is(FoundCandy,Candy)
CNF conversion took 0 secs
formula 54: In(FoundCandy,Drawer) ^ In(Mothball,Drawer) => Is(FoundCandy,Mothball)
clause 0: !In(FoundCandy,Drawer) v !In(Mothball,Drawer) v Is(FoundCandy,Mothball)
CNF conversion took 0 secs
formula 55: In(Candy,Drawer) ^ In(FoundCandy,Drawer) => Is(Candy,FoundCandy)
clause 0: !In(FoundCandy,Drawer) v !In(Candy,Drawer) v Is(Candy,FoundCandy)
CNF conversion took 0 secs
formula 56: In(Candy,Drawer) ^ In(Candy,Drawer) => Is(Candy,Candy)
clause 0: !In(Candy,Drawer) v Is(Candy,Candy)
CNF conversion took 0 secs
formula 57: In(Candy,Drawer) ^ In(Mothball,Drawer) => Is(Candy,Mothball)
clause 0: !In(Candy,Drawer) v !In(Mothball,Drawer) v Is(Candy,Mothball)
CNF conversion took 0 secs
formula 58: In(Mothball,Drawer) ^ In(FoundCandy,Drawer) => Is(Mothball,FoundCandy)
clause 0: !In(FoundCandy,Drawer) v !In(Mothball,Drawer) v Is(Mothball,FoundCandy)
CNF conversion took 0 secs
formula 59: In(Mothball,Drawer) ^ In(Candy,Drawer) => Is(Mothball,Candy)
clause 0: !In(Candy,Drawer) v !In(Mothball,Drawer) v Is(Mothball,Candy)
CNF conversion took 0 secs
formula 60: In(Mothball,Drawer) ^ In(Mothball,Drawer) => Is(Mothball,Mothball)
clause 0: !In(Mothball,Drawer) v Is(Mothball,Mothball)
CNF conversion took 0 secs
formula 61: Hidden(Candy)
clause 0: Hidden(Candy)
CNF conversion took 0 secs
formula 62: In(FoundCandy,Drawer)
clause 0: In(FoundCandy,Drawer)
CNF conversion took 0 secs
formula 63: Eat(Jimmy,FoundCandy)
clause 0: Eat(Jimmy,FoundCandy)
CNF conversion took 0 secs
BEGIN CNF CONVERSION RESULT
formula 0 idx 0: 2 !Hidden(FoundCandy) v In(FoundCandy,Drawer)
formula 1 idx 0: 2 !Hidden(Candy) v In(Candy,Drawer)
formula 2 idx 0: 2 !Hidden(Mothball) v In(Mothball,Drawer)
formula 3 idx 0: 999 !Is(Candy,Mothball)
formula 4 idx 0: 999 Is(FoundCandy,FoundCandy)
formula 5 idx 0: 999 Is(Candy,Candy)
formula 6 idx 0: 999 Is(Mothball,Mothball)
formula 7 idx 0: 1998 Is(FoundCandy,FoundCandy) v !Is(FoundCandy,FoundCandy)
formula 8 idx 0: 999 Is(FoundCandy,Candy) v !Is(Candy,FoundCandy)
formula 8 idx 1: 999 Is(Candy,FoundCandy) v !Is(FoundCandy,Candy)
formula 9 idx 0: 999 Is(FoundCandy,Mothball) v !Is(Mothball,FoundCandy)
formula 9 idx 1: 999 Is(Mothball,FoundCandy) v !Is(FoundCandy,Mothball)
formula 10 idx 0: 999 Is(Candy,FoundCandy) v !Is(FoundCandy,Candy)
formula 10 idx 1: 999 Is(FoundCandy,Candy) v !Is(Candy,FoundCandy)
formula 11 idx 0: 1998 Is(Candy,Candy) v !Is(Candy,Candy)
formula 12 idx 0: 999 Is(Candy,Mothball) v !Is(Mothball,Candy)
formula 12 idx 1: 999 Is(Mothball,Candy) v !Is(Candy,Mothball)
formula 13 idx 0: 999 Is(Mothball,FoundCandy) v !Is(FoundCandy,Mothball)
formula 13 idx 1: 999 Is(FoundCandy,Mothball) v !Is(Mothball,FoundCandy)
formula 14 idx 0: 999 Is(Mothball,Candy) v !Is(Candy,Mothball)
formula 14 idx 1: 999 Is(Candy,Mothball) v !Is(Mothball,Candy)
formula 15 idx 0: 1998 Is(Mothball,Mothball) v !Is(Mothball,Mothball)
formula 16 idx 0: 1998 Is(FoundCandy,FoundCandy) v !Is(FoundCandy,FoundCandy)
formula 17 idx 0: 999 Is(FoundCandy,Candy) v !Is(FoundCandy,FoundCandy) v !Is(FoundCandy,Candy)
formula 18 idx 0: 999 Is(FoundCandy,Mothball) v !Is(FoundCandy,FoundCandy) v !Is(FoundCandy,Mothball)
formula 19 idx 0: 999 Is(FoundCandy,FoundCandy) v !Is(FoundCandy,Candy) v !Is(Candy,FoundCandy)
formula 20 idx 0: 999 Is(FoundCandy,Candy) v !Is(FoundCandy,Candy) v !Is(Candy,Candy)
formula 21 idx 0: 999 Is(FoundCandy,Mothball) v !Is(FoundCandy,Candy) v !Is(Candy,Mothball)
formula 22 idx 0: 999 Is(FoundCandy,FoundCandy) v !Is(FoundCandy,Mothball) v !Is(Mothball,FoundCandy)
formula 23 idx 0: 999 Is(FoundCandy,Candy) v !Is(FoundCandy,Mothball) v !Is(Mothball,Candy)
formula 24 idx 0: 999 Is(FoundCandy,Mothball) v !Is(FoundCandy,Mothball) v !Is(Mothball,Mothball)
formula 25 idx 0: 999 Is(Candy,FoundCandy) v !Is(FoundCandy,FoundCandy) v !Is(Candy,FoundCandy)
formula 26 idx 0: 999 Is(Candy,Candy) v !Is(FoundCandy,Candy) v !Is(Candy,FoundCandy)
formula 27 idx 0: 999 Is(Candy,Mothball) v !Is(FoundCandy,Mothball) v !Is(Candy,FoundCandy)
formula 28 idx 0: 999 Is(Candy,FoundCandy) v !Is(Candy,FoundCandy) v !Is(Candy,Candy)
formula 29 idx 0: 1998 Is(Candy,Candy) v !Is(Candy,Candy)
formula 30 idx 0: 999 Is(Candy,Mothball) v !Is(Candy,Candy) v !Is(Candy,Mothball)
formula 31 idx 0: 999 Is(Candy,FoundCandy) v !Is(Candy,Mothball) v !Is(Mothball,FoundCandy)
formula 32 idx 0: 999 Is(Candy,Candy) v !Is(Candy,Mothball) v !Is(Mothball,Candy)
formula 33 idx 0: 999 Is(Candy,Mothball) v !Is(Candy,Mothball) v !Is(Mothball,Mothball)
formula 34 idx 0: 999 Is(Mothball,FoundCandy) v !Is(FoundCandy,FoundCandy) v !Is(Mothball,FoundCandy)
formula 35 idx 0: 999 Is(Mothball,Candy) v !Is(FoundCandy,Candy) v !Is(Mothball,FoundCandy)
formula 36 idx 0: 999 Is(Mothball,Mothball) v !Is(FoundCandy,Mothball) v !Is(Mothball,FoundCandy)
formula 37 idx 0: 999 Is(Mothball,FoundCandy) v !Is(Candy,FoundCandy) v !Is(Mothball,Candy)
formula 38 idx 0: 999 Is(Mothball,Candy) v !Is(Candy,Candy) v !Is(Mothball,Candy)
formula 39 idx 0: 999 Is(Mothball,Mothball) v !Is(Candy,Mothball) v !Is(Mothball,Candy)
formula 40 idx 0: 999 Is(Mothball,FoundCandy) v !Is(Mothball,FoundCandy) v !Is(Mothball,Mothball)
formula 41 idx 0: 999 Is(Mothball,Candy) v !Is(Mothball,Candy) v !Is(Mothball,Mothball)
formula 42 idx 0: 1998 Is(Mothball,Mothball) v !Is(Mothball,Mothball)
formula 43 idx 0: 999 In(FoundCandy,Drawer) v !In(FoundCandy,Drawer) v !Is(FoundCandy,FoundCandy)
formula 44 idx 0: 499.5 In(FoundCandy,Drawer) v !In(Candy,Drawer) v !Is(FoundCandy,Candy)
formula 44 idx 1: 499.5 In(Candy,Drawer) v !In(FoundCandy,Drawer) v !Is(FoundCandy,Candy)
formula 45 idx 0: 499.5 In(FoundCandy,Drawer) v !In(Mothball,Drawer) v !Is(FoundCandy,Mothball)
formula 45 idx 1: 499.5 In(Mothball,Drawer) v !In(FoundCandy,Drawer) v !Is(FoundCandy,Mothball)
formula 46 idx 0: 499.5 In(Candy,Drawer) v !In(FoundCandy,Drawer) v !Is(Candy,FoundCandy)
formula 46 idx 1: 499.5 In(FoundCandy,Drawer) v !In(Candy,Drawer) v !Is(Candy,FoundCandy)
formula 47 idx 0: 999 In(Candy,Drawer) v !In(Candy,Drawer) v !Is(Candy,Candy)
formula 48 idx 0: 499.5 In(Candy,Drawer) v !In(Mothball,Drawer) v !Is(Candy,Mothball)
formula 48 idx 1: 499.5 In(Mothball,Drawer) v !In(Candy,Drawer) v !Is(Candy,Mothball)
formula 49 idx 0: 499.5 In(Mothball,Drawer) v !In(FoundCandy,Drawer) v !Is(Mothball,FoundCandy)
formula 49 idx 1: 499.5 In(FoundCandy,Drawer) v !In(Mothball,Drawer) v !Is(Mothball,FoundCandy)
formula 50 idx 0: 499.5 In(Mothball,Drawer) v !In(Candy,Drawer) v !Is(Mothball,Candy)
formula 50 idx 1: 499.5 In(Candy,Drawer) v !In(Mothball,Drawer) v !Is(Mothball,Candy)
formula 51 idx 0: 999 In(Mothball,Drawer) v !In(Mothball,Drawer) v !Is(Mothball,Mothball)
formula 52 idx 0: 2 !In(FoundCandy,Drawer) v Is(FoundCandy,FoundCandy)
formula 53 idx 0: 2 !In(FoundCandy,Drawer) v !In(Candy,Drawer) v Is(FoundCandy,Candy)
formula 54 idx 0: 2 !In(FoundCandy,Drawer) v !In(Mothball,Drawer) v Is(FoundCandy,Mothball)
formula 55 idx 0: 2 !In(FoundCandy,Drawer) v !In(Candy,Drawer) v Is(Candy,FoundCandy)
formula 56 idx 0: 2 !In(Candy,Drawer) v Is(Candy,Candy)
formula 57 idx 0: 2 !In(Candy,Drawer) v !In(Mothball,Drawer) v Is(Candy,Mothball)
formula 58 idx 0: 2 !In(FoundCandy,Drawer) v !In(Mothball,Drawer) v Is(Mothball,FoundCandy)
formula 59 idx 0: 2 !In(Candy,Drawer) v !In(Mothball,Drawer) v Is(Mothball,Candy)
formula 60 idx 0: 2 !In(Mothball,Drawer) v Is(Mothball,Mothball)
formula 61 idx 0: 999 Hidden(Candy)
formula 62 idx 0: 999 In(FoundCandy,Drawer)
formula 63 idx 0: 999 Eat(Jimmy,FoundCandy)
END CNF CONVERSION RESULT
Reading query predicates that are specified in query file...
Hidden(FoundCandy)
Hidden(Candy)
Hidden(Mothball)
In(FoundCandy,Drawer)
In(Candy,Drawer)
In(Mothball,Drawer)
Is(FoundCandy,FoundCandy)
Is(FoundCandy,Candy)
Is(FoundCandy,Mothball)
Is(Candy,FoundCandy)
Is(Candy,Candy)
Is(Candy,Mothball)
Is(Mothball,FoundCandy)
Is(Mothball,Candy)
Is(Mothball,Mothball)
Eat(Jimmy,FoundCandy)
Eat(Jimmy,Candy)
Eat(Jimmy,Mothball)
Set hard weight to 51982
creating mrf...
number of grounded predicates = 18
number of grounded clauses = 49
Time taken to construct MRF = 0 secs
[VS] 0 secs
>>> DONE: Initial num. of clauses: 49
Initializing MC-SAT with MaxWalksat on hard clauses...
Running MC-SAT sampling...
Sample (per pred) 100, time elapsed = 0.01 secs, num. preds = 18, num. clauses = 49
Done burning. 100 samples.
Sample (per pred) 100, time elapsed = 0.01 secs, num. preds = 18, num. clauses = 49
Sample (per pred) 200, time elapsed = 0.02 secs, num. preds = 18, num. clauses = 49
Sample (per pred) 300, time elapsed = 0.03 secs, num. preds = 18, num. clauses = 49
Sample (per pred) 400, time elapsed = 0.04 secs, num. preds = 18, num. clauses = 49
Sample (per pred) 500, time elapsed = 0.04 secs, num. preds = 18, num. clauses = 49
Sample (per pred) 600, time elapsed = 0.05 secs, num. preds = 18, num. clauses = 49
Sample (per pred) 700, time elapsed = 0.06 secs, num. preds = 18, num. clauses = 49
Sample (per pred) 800, time elapsed = 0.07 secs, num. preds = 18, num. clauses = 49
Sample (per pred) 900, time elapsed = 0.07 secs, num. preds = 18, num. clauses = 49
Sample (per pred) 1000, time elapsed = 0.08 secs, num. preds = 18, num. clauses = 49
Sample (per pred) 1100, time elapsed = 0.09 secs, num. preds = 18, num. clauses = 49
Sample (per pred) 1200, time elapsed = 0.09 secs, num. preds = 18, num. clauses = 49
Sample (per pred) 1300, time elapsed = 0.1 secs, num. preds = 18, num. clauses = 49
Sample (per pred) 1400, time elapsed = 0.11 secs, num. preds = 18, num. clauses = 49
Sample (per pred) 1500, time elapsed = 0.11 secs, num. preds = 18, num. clauses = 49
Sample (per pred) 1600, time elapsed = 0.12 secs, num. preds = 18, num. clauses = 49
Sample (per pred) 1700, time elapsed = 0.13 secs, num. preds = 18, num. clauses = 49
Sample (per pred) 1800, time elapsed = 0.13 secs, num. preds = 18, num. clauses = 49
Sample (per pred) 1900, time elapsed = 0.14 secs, num. preds = 18, num. clauses = 49
Sample (per pred) 2000, time elapsed = 0.15 secs, num. preds = 18, num. clauses = 49
Done MC-SAT sampling. 2000 samples.
Final ground predicate number: 18
Final ground clause number: 49
Time taken for MC-SAT sampling = 0.15 secs
Time taken for SampleSat = 0.08 secs
Time-Results: Init 0 Run 0.15 Total 0.15
BEGIN CLAUSE TRUE COUNTS
clause 0: 2000 / 2000 (1 groundings) 2 !Hidden(FoundCandy) v In(FoundCandy,Drawer)
clause 1: 1606 / 2000 (1 groundings) 2 !Hidden(Candy) v In(Candy,Drawer)
clause 2: 1808 / 2000 (1 groundings) 2 !Hidden(Mothball) v In(Mothball,Drawer)
clause 3: 2000 / 2000 (1 groundings) 999 !Is(Candy,Mothball)
clause 4: 2000 / 2000 (1 groundings) 999 Is(FoundCandy,FoundCandy)
clause 5: 2000 / 2000 (1 groundings) 999 Is(Candy,Candy)
clause 6: 2000 / 2000 (1 groundings) 999 Is(Mothball,Mothball)
clause 7: 0 / 2000 (1 groundings) 1998 Is(FoundCandy,FoundCandy) v !Is(FoundCandy,FoundCandy)
clause 8: 2000 / 2000 (1 groundings) 999 Is(FoundCandy,Candy) v !Is(Candy,FoundCandy)
clause 9: 2000 / 2000 (1 groundings) 999 Is(Candy,FoundCandy) v !Is(FoundCandy,Candy)
clause 10: 2000 / 2000 (1 groundings) 999 Is(FoundCandy,Mothball) v !Is(Mothball,FoundCandy)
clause 11: 2000 / 2000 (1 groundings) 999 Is(Mothball,FoundCandy) v !Is(FoundCandy,Mothball)
clause 12: 0 / 2000 (1 groundings) 1998 Is(Candy,Candy) v !Is(Candy,Candy)
clause 13: 2000 / 2000 (1 groundings) 999 Is(Candy,Mothball) v !Is(Mothball,Candy)
clause 14: 2000 / 2000 (1 groundings) 999 Is(Mothball,Candy) v !Is(Candy,Mothball)
clause 15: 0 / 2000 (1 groundings) 1998 Is(Mothball,Mothball) v !Is(Mothball,Mothball)
clause 16: 0 / 2000 (1 groundings) 999 Is(FoundCandy,Candy) v !Is(FoundCandy,FoundCandy) v !Is(FoundCandy,Candy)
clause 17: 0 / 2000 (1 groundings) 999 Is(FoundCandy,Mothball) v !Is(FoundCandy,FoundCandy) v !Is(FoundCandy,Mothball)
clause 18: 2000 / 2000 (1 groundings) 999 Is(FoundCandy,FoundCandy) v !Is(FoundCandy,Candy) v !Is(Candy,FoundCandy)
clause 19: 0 / 2000 (1 groundings) 999 Is(FoundCandy,Candy) v !Is(FoundCandy,Candy) v !Is(Candy,Candy)
clause 20: 2000 / 2000 (1 groundings) 999 Is(FoundCandy,Mothball) v !Is(FoundCandy,Candy) v !Is(Candy,Mothball)
clause 21: 2000 / 2000 (1 groundings) 999 Is(FoundCandy,FoundCandy) v !Is(FoundCandy,Mothball) v !Is(Mothball,FoundCandy)
clause 22: 2000 / 2000 (1 groundings) 999 Is(FoundCandy,Candy) v !Is(FoundCandy,Mothball) v !Is(Mothball,Candy)
clause 23: 0 / 2000 (1 groundings) 999 Is(FoundCandy,Mothball) v !Is(FoundCandy,Mothball) v !Is(Mothball,Mothball)
clause 24: 0 / 2000 (1 groundings) 999 Is(Candy,FoundCandy) v !Is(FoundCandy,FoundCandy) v !Is(Candy,FoundCandy)
clause 25: 2000 / 2000 (1 groundings) 999 Is(Candy,Candy) v !Is(FoundCandy,Candy) v !Is(Candy,FoundCandy)
clause 26: 2000 / 2000 (1 groundings) 999 Is(Candy,Mothball) v !Is(FoundCandy,Mothball) v !Is(Candy,FoundCandy)
clause 27: 0 / 2000 (1 groundings) 999 Is(Candy,FoundCandy) v !Is(Candy,FoundCandy) v !Is(Candy,Candy)
clause 28: 0 / 2000 (1 groundings) 999 Is(Candy,Mothball) v !Is(Candy,Candy) v !Is(Candy,Mothball)
clause 29: 2000 / 2000 (1 groundings) 999 Is(Candy,FoundCandy) v !Is(Candy,Mothball) v !Is(Mothball,FoundCandy)
clause 30: 2000 / 2000 (1 groundings) 999 Is(Candy,Candy) v !Is(Candy,Mothball) v !Is(Mothball,Candy)
clause 31: 0 / 2000 (1 groundings) 999 Is(Candy,Mothball) v !Is(Candy,Mothball) v !Is(Mothball,Mothball)
clause 32: 0 / 2000 (1 groundings) 999 Is(Mothball,FoundCandy) v !Is(FoundCandy,FoundCandy) v !Is(Mothball,FoundCandy)
clause 33: 2000 / 2000 (1 groundings) 999 Is(Mothball,Candy) v !Is(FoundCandy,Candy) v !Is(Mothball,FoundCandy)
clause 34: 2000 / 2000 (1 groundings) 999 Is(Mothball,Mothball) v !Is(FoundCandy,Mothball) v !Is(Mothball,FoundCandy)
clause 35: 2000 / 2000 (1 groundings) 999 Is(Mothball,FoundCandy) v !Is(Candy,FoundCandy) v !Is(Mothball,Candy)
clause 36: 0 / 2000 (1 groundings) 999 Is(Mothball,Candy) v !Is(Candy,Candy) v !Is(Mothball,Candy)
clause 37: 2000 / 2000 (1 groundings) 999 Is(Mothball,Mothball) v !Is(Candy,Mothball) v !Is(Mothball,Candy)
clause 38: 0 / 2000 (1 groundings) 999 Is(Mothball,FoundCandy) v !Is(Mothball,FoundCandy) v !Is(Mothball,Mothball)
clause 39: 0 / 2000 (1 groundings) 999 Is(Mothball,Candy) v !Is(Mothball,Candy) v !Is(Mothball,Mothball)
clause 40: 0 / 2000 (1 groundings) 999 In(FoundCandy,Drawer) v !In(FoundCandy,Drawer) v !Is(FoundCandy,FoundCandy)
clause 41: 2000 / 2000 (1 groundings) 499.5 In(FoundCandy,Drawer) v !In(Candy,Drawer) v !Is(FoundCandy,Candy)
clause 42: 2000 / 2000 (1 groundings) 499.5 In(Candy,Drawer) v !In(FoundCandy,Drawer) v !Is(FoundCandy,Candy)
clause 43: 2000 / 2000 (1 groundings) 499.5 In(FoundCandy,Drawer) v !In(Mothball,Drawer) v !Is(FoundCandy,Mothball)
clause 44: 2000 / 2000 (1 groundings) 499.5 In(Mothball,Drawer) v !In(FoundCandy,Drawer) v !Is(FoundCandy,Mothball)
clause 45: 2000 / 2000 (1 groundings) 499.5 In(Candy,Drawer) v !In(FoundCandy,Drawer) v !Is(Candy,FoundCandy)
clause 46: 2000 / 2000 (1 groundings) 499.5 In(FoundCandy,Drawer) v !In(Candy,Drawer) v !Is(Candy,FoundCandy)
clause 47: 0 / 2000 (1 groundings) 999 In(Candy,Drawer) v !In(Candy,Drawer) v !Is(Candy,Candy)
clause 48: 2000 / 2000 (1 groundings) 499.5 In(Candy,Drawer) v !In(Mothball,Drawer) v !Is(Candy,Mothball)
clause 49: 2000 / 2000 (1 groundings) 499.5 In(Mothball,Drawer) v !In(Candy,Drawer) v !Is(Candy,Mothball)
clause 50: 2000 / 2000 (1 groundings) 499.5 In(Mothball,Drawer) v !In(FoundCandy,Drawer) v !Is(Mothball,FoundCandy)
clause 51: 2000 / 2000 (1 groundings) 499.5 In(FoundCandy,Drawer) v !In(Mothball,Drawer) v !Is(Mothball,FoundCandy)
clause 52: 2000 / 2000 (1 groundings) 499.5 In(Mothball,Drawer) v !In(Candy,Drawer) v !Is(Mothball,Candy)
clause 53: 2000 / 2000 (1 groundings) 499.5 In(Candy,Drawer) v !In(Mothball,Drawer) v !Is(Mothball,Candy)
clause 54: 0 / 2000 (1 groundings) 999 In(Mothball,Drawer) v !In(Mothball,Drawer) v !Is(Mothball,Mothball)
clause 55: 2000 / 2000 (1 groundings) 2 !In(FoundCandy,Drawer) v Is(FoundCandy,FoundCandy)
clause 56: 1960 / 2000 (1 groundings) 2 !In(FoundCandy,Drawer) v !In(Candy,Drawer) v Is(FoundCandy,Candy)
clause 57: 1996 / 2000 (1 groundings) 2 !In(FoundCandy,Drawer) v !In(Mothball,Drawer) v Is(FoundCandy,Mothball)
clause 58: 1960 / 2000 (1 groundings) 2 !In(FoundCandy,Drawer) v !In(Candy,Drawer) v Is(Candy,FoundCandy)
clause 59: 2000 / 2000 (1 groundings) 2 !In(Candy,Drawer) v Is(Candy,Candy)
clause 60: 1993 / 2000 (1 groundings) 2 !In(Candy,Drawer) v !In(Mothball,Drawer) v Is(Candy,Mothball)
clause 61: 1996 / 2000 (1 groundings) 2 !In(FoundCandy,Drawer) v !In(Mothball,Drawer) v Is(Mothball,FoundCandy)
clause 62: 1993 / 2000 (1 groundings) 2 !In(Candy,Drawer) v !In(Mothball,Drawer) v Is(Mothball,Candy)
clause 63: 2000 / 2000 (1 groundings) 2 !In(Mothball,Drawer) v Is(Mothball,Mothball)
clause 64: 2000 / 2000 (1 groundings) 999 Hidden(Candy)
clause 65: 2000 / 2000 (1 groundings) 999 In(FoundCandy,Drawer)
clause 66: 2000 / 2000 (1 groundings) 999 Eat(Jimmy,FoundCandy)
END CLAUSE TRUE COUNTS
total time taken = 0.16 secs
