----------------- parameters ----------------
-i = /home/patrick/projects/phd/experiments/experiment-1/scripts/../inference/5bd8df64-d07a-42e8-9782-e83785c682ab/models/flawed/input.mln
-cw = 
-ow = 
-queryEvidence = 0
-m = 0
-a = 0
-p = 0
-ms = 0
-bp = 0
-efbp = 0
-decision = 0
-simtp = 0
-outputNetwork = 0
-counts = 0
-seed = -1
-lazy = 0
-lazyNoApprox = 0
-memLimit = -1
-PrintSamplePerIteration = 0
-SAInterval = 100
-MaxSeconds = 
-SATempDownRatio = 0.9
-SA = 0
-hybrid = 0
-propstdev = tmp.sd
-contSamples = 
-mwsMaxSteps = 1000000
-tries = 1
-targetWt = 0
-breakHardClauses = 0
-heuristic = 2
-tabuLength = 10
-lazyLowState = 0
-burnMinSteps = 100
-burnMaxSteps = 100
-minSteps = 2000
-maxSteps = 2000
-maxSeconds = -1
-subInterval = 2
-numRuns = 3
-numSwap = 10
-lifted = 0
-useHC = 0
-useCT = 0
-convThresh = 0.0001
-convIterations = 20
-explicitRep = 0
-hcCreateType = 0
-hcCreateNoise = 0
-lncIter = 0
-noHC = 
-numSolutions = 10
-saRatio = 50
-saTemperature = 80
-lateSa = 1
-numChains = 10
-delta = 0.05
-epsilonError = 0.01
-fracConverged = 0.95
-walksatType = 1
-testConvergence = 0
-samplesPerTest = 100
-e = /home/patrick/projects/phd/experiments/experiment-1/scripts/../inference/5bd8df64-d07a-42e8-9782-e83785c682ab/models/flawed/input.db
-r = /home/patrick/projects/phd/experiments/experiment-1/scripts/../inference/5bd8df64-d07a-42e8-9782-e83785c682ab/models/flawed/output.result
-q = 
-f = /home/patrick/projects/phd/experiments/experiment-1/scripts/../inference/5bd8df64-d07a-42e8-9782-e83785c682ab/models/flawed/query.db
----------------- end of parameters ----------------
Reading formulas and evidence predicates...
input.mln28890_tmpalchemy.mln
Adding clauses to MLN...
converting to CNF:
formula 0: Student(George)
clause 0: Student(George)
CNF conversion took 0 secs
formula 1: Student(George) ^ InClass(George,Class) ^ FallAsleep(George,Class) => InTrouble(George)
clause 0: !Student(George) v !InClass(George,Class) v !FallAsleep(George,Class) v InTrouble(George)
CNF conversion took 0 secs
formula 2: Student(George) ^ InClass(George,Class2) ^ FallAsleep(George,Class2) => InTrouble(George)
clause 0: !Student(George) v !InClass(George,Class2) v !FallAsleep(George,Class2) v InTrouble(George)
CNF conversion took 0 secs
formula 3: Student(George) ^ InClass(George,Afternoon) ^ FallAsleep(George,Afternoon) => InTrouble(George)
clause 0: !Student(George) v !InClass(George,Afternoon) v !FallAsleep(George,Afternoon) v InTrouble(George)
CNF conversion took 0 secs
formula 4: Student(Teacher) ^ InClass(Teacher,Class) ^ FallAsleep(Teacher,Class) => InTrouble(Teacher)
clause 0: !Student(Teacher) v !InClass(Teacher,Class) v !FallAsleep(Teacher,Class) v InTrouble(Teacher)
CNF conversion took 0 secs
formula 5: Student(Teacher) ^ InClass(Teacher,Class2) ^ FallAsleep(Teacher,Class2) => InTrouble(Teacher)
clause 0: !Student(Teacher) v !InClass(Teacher,Class2) v !FallAsleep(Teacher,Class2) v InTrouble(Teacher)
CNF conversion took 0 secs
formula 6: Student(Teacher) ^ InClass(Teacher,Afternoon) ^ FallAsleep(Teacher,Afternoon) => InTrouble(Teacher)
clause 0: !Student(Teacher) v !InClass(Teacher,Afternoon) v !FallAsleep(Teacher,Afternoon) v InTrouble(Teacher)
CNF conversion took 0 secs
formula 7: Student(Dog) ^ InClass(Dog,Class) ^ FallAsleep(Dog,Class) => InTrouble(Dog)
clause 0: !Student(Dog) v !InClass(Dog,Class) v !FallAsleep(Dog,Class) v InTrouble(Dog)
CNF conversion took 0 secs
formula 8: Student(Dog) ^ InClass(Dog,Class2) ^ FallAsleep(Dog,Class2) => InTrouble(Dog)
clause 0: !Student(Dog) v !InClass(Dog,Class2) v !FallAsleep(Dog,Class2) v InTrouble(Dog)
CNF conversion took 0 secs
formula 9: Student(Dog) ^ InClass(Dog,Afternoon) ^ FallAsleep(Dog,Afternoon) => InTrouble(Dog)
clause 0: !Student(Dog) v !InClass(Dog,Afternoon) v !FallAsleep(Dog,Afternoon) v InTrouble(Dog)
CNF conversion took 0 secs
formula 10: At(George,School,Class)
clause 0: At(George,School,Class)
CNF conversion took 0 secs
formula 11: Exam(Afternoon)
clause 0: Exam(Afternoon)
CNF conversion took 0 secs
formula 12: FallAsleep(George,Class)
clause 0: FallAsleep(George,Class)
CNF conversion took 0 secs
formula 13: WakeUp(George,Class2)
clause 0: WakeUp(George,Class2)
CNF conversion took 0 secs
BEGIN CNF CONVERSION RESULT
formula 0 idx 0: 999 Student(George)
formula 1 idx 0: 999 !Student(George) v !InClass(George,Class) v !FallAsleep(George,Class) v InTrouble(George)
formula 2 idx 0: 999 !Student(George) v !InClass(George,Class2) v !FallAsleep(George,Class2) v InTrouble(George)
formula 3 idx 0: 999 !Student(George) v !InClass(George,Afternoon) v !FallAsleep(George,Afternoon) v InTrouble(George)
formula 4 idx 0: 999 !Student(Teacher) v !InClass(Teacher,Class) v !FallAsleep(Teacher,Class) v InTrouble(Teacher)
formula 5 idx 0: 999 !Student(Teacher) v !InClass(Teacher,Class2) v !FallAsleep(Teacher,Class2) v InTrouble(Teacher)
formula 6 idx 0: 999 !Student(Teacher) v !InClass(Teacher,Afternoon) v !FallAsleep(Teacher,Afternoon) v InTrouble(Teacher)
formula 7 idx 0: 999 !Student(Dog) v !InClass(Dog,Class) v !FallAsleep(Dog,Class) v InTrouble(Dog)
formula 8 idx 0: 999 !Student(Dog) v !InClass(Dog,Class2) v !FallAsleep(Dog,Class2) v InTrouble(Dog)
formula 9 idx 0: 999 !Student(Dog) v !InClass(Dog,Afternoon) v !FallAsleep(Dog,Afternoon) v InTrouble(Dog)
formula 10 idx 0: 999 At(George,School,Class)
formula 11 idx 0: 999 Exam(Afternoon)
formula 12 idx 0: 999 FallAsleep(George,Class)
formula 13 idx 0: 999 WakeUp(George,Class2)
END CNF CONVERSION RESULT
Reading query predicates that are specified in query file...
At(George,School,Class)
At(George,School,Class2)
At(George,School,Afternoon)
At(Teacher,School,Class)
At(Teacher,School,Class2)
At(Teacher,School,Afternoon)
At(Dog,School,Class)
At(Dog,School,Class2)
At(Dog,School,Afternoon)
Student(George)
Student(Teacher)
Student(Dog)
Exam(Class)
Exam(Class2)
Exam(Afternoon)
InClass(George,Class)
InClass(George,Class2)
InClass(George,Afternoon)
InClass(Teacher,Class)
InClass(Teacher,Class2)
InClass(Teacher,Afternoon)
InClass(Dog,Class)
InClass(Dog,Class2)
InClass(Dog,Afternoon)
FallAsleep(George,Class)
FallAsleep(George,Class2)
FallAsleep(George,Afternoon)
FallAsleep(Teacher,Class)
FallAsleep(Teacher,Class2)
FallAsleep(Teacher,Afternoon)
FallAsleep(Dog,Class)
FallAsleep(Dog,Class2)
FallAsleep(Dog,Afternoon)
WakeUp(George,Class)
WakeUp(George,Class2)
WakeUp(George,Afternoon)
WakeUp(Teacher,Class)
WakeUp(Teacher,Class2)
WakeUp(Teacher,Afternoon)
WakeUp(Dog,Class)
WakeUp(Dog,Class2)
WakeUp(Dog,Afternoon)
InTrouble(George)
InTrouble(Teacher)
InTrouble(Dog)
Play(George,George)
Play(George,Teacher)
Play(George,Dog)
Play(Teacher,George)
Play(Teacher,Teacher)
Play(Teacher,Dog)
Play(Dog,George)
Play(Dog,Teacher)
Play(Dog,Dog)
Set hard weight to 13996
creating mrf...
number of grounded predicates = 54
number of grounded clauses = 14
Time taken to construct MRF = 0 secs
[VS] 0 secs
>>> DONE: Initial num. of clauses: 14
Initializing MC-SAT with MaxWalksat on hard clauses...
Running MC-SAT sampling...
Sample (per pred) 100, time elapsed = 0.01 secs, num. preds = 54, num. clauses = 14
Done burning. 100 samples.
Sample (per pred) 100, time elapsed = 0.02 secs, num. preds = 54, num. clauses = 14
Sample (per pred) 200, time elapsed = 0.02 secs, num. preds = 54, num. clauses = 14
Sample (per pred) 300, time elapsed = 0.03 secs, num. preds = 54, num. clauses = 14
Sample (per pred) 400, time elapsed = 0.04 secs, num. preds = 54, num. clauses = 14
Sample (per pred) 500, time elapsed = 0.05 secs, num. preds = 54, num. clauses = 14
Sample (per pred) 600, time elapsed = 0.05 secs, num. preds = 54, num. clauses = 14
Sample (per pred) 700, time elapsed = 0.06 secs, num. preds = 54, num. clauses = 14
Sample (per pred) 800, time elapsed = 0.07 secs, num. preds = 54, num. clauses = 14
Sample (per pred) 900, time elapsed = 0.08 secs, num. preds = 54, num. clauses = 14
Sample (per pred) 1000, time elapsed = 0.09 secs, num. preds = 54, num. clauses = 14
Sample (per pred) 1100, time elapsed = 0.09 secs, num. preds = 54, num. clauses = 14
Sample (per pred) 1200, time elapsed = 0.1 secs, num. preds = 54, num. clauses = 14
Sample (per pred) 1300, time elapsed = 0.11 secs, num. preds = 54, num. clauses = 14
Sample (per pred) 1400, time elapsed = 0.12 secs, num. preds = 54, num. clauses = 14
Sample (per pred) 1500, time elapsed = 0.12 secs, num. preds = 54, num. clauses = 14
Sample (per pred) 1600, time elapsed = 0.13 secs, num. preds = 54, num. clauses = 14
Sample (per pred) 1700, time elapsed = 0.14 secs, num. preds = 54, num. clauses = 14
Sample (per pred) 1800, time elapsed = 0.15 secs, num. preds = 54, num. clauses = 14
Sample (per pred) 1900, time elapsed = 0.15 secs, num. preds = 54, num. clauses = 14
Sample (per pred) 2000, time elapsed = 0.16 secs, num. preds = 54, num. clauses = 14
Done MC-SAT sampling. 2000 samples.
Final ground predicate number: 54
Final ground clause number: 14
Time taken for MC-SAT sampling = 0.16 secs
Time taken for SampleSat = 0.12 secs
Time-Results: Init 0 Run 0.16 Total 0.16
BEGIN CLAUSE TRUE COUNTS
clause 0: 2000 / 2000 (1 groundings) 999 Student(George)
clause 1: 2000 / 2000 (1 groundings) 999 !Student(George) v !InClass(George,Class) v !FallAsleep(George,Class) v InTrouble(George)
clause 2: 2000 / 2000 (1 groundings) 999 !Student(George) v !InClass(George,Class2) v !FallAsleep(George,Class2) v InTrouble(George)
clause 3: 2000 / 2000 (1 groundings) 999 !Student(George) v !InClass(George,Afternoon) v !FallAsleep(George,Afternoon) v InTrouble(George)
clause 4: 2000 / 2000 (1 groundings) 999 !Student(Teacher) v !InClass(Teacher,Class) v !FallAsleep(Teacher,Class) v InTrouble(Teacher)
clause 5: 2000 / 2000 (1 groundings) 999 !Student(Teacher) v !InClass(Teacher,Class2) v !FallAsleep(Teacher,Class2) v InTrouble(Teacher)
clause 6: 2000 / 2000 (1 groundings) 999 !Student(Teacher) v !InClass(Teacher,Afternoon) v !FallAsleep(Teacher,Afternoon) v InTrouble(Teacher)
clause 7: 2000 / 2000 (1 groundings) 999 !Student(Dog) v !InClass(Dog,Class) v !FallAsleep(Dog,Class) v InTrouble(Dog)
clause 8: 2000 / 2000 (1 groundings) 999 !Student(Dog) v !InClass(Dog,Class2) v !FallAsleep(Dog,Class2) v InTrouble(Dog)
clause 9: 2000 / 2000 (1 groundings) 999 !Student(Dog) v !InClass(Dog,Afternoon) v !FallAsleep(Dog,Afternoon) v InTrouble(Dog)
clause 10: 2000 / 2000 (1 groundings) 999 At(George,School,Class)
clause 11: 2000 / 2000 (1 groundings) 999 Exam(Afternoon)
clause 12: 2000 / 2000 (1 groundings) 999 FallAsleep(George,Class)
clause 13: 2000 / 2000 (1 groundings) 999 WakeUp(George,Class2)
END CLAUSE TRUE COUNTS
total time taken = 0.16 secs
