----------------- parameters ----------------
-i = /home/patrick/projects/phd/experiments/experiment-1/scripts/../inference/1591f96c-0354-4b07-b6e4-eea7374b4b73/models/full/input.mln
-cw = 
-ow = 
-queryEvidence = 0
-m = 0
-a = 0
-p = 0
-ms = 0
-bp = 0
-efbp = 0
-decision = 0
-simtp = 0
-outputNetwork = 0
-counts = 0
-seed = -1
-lazy = 0
-lazyNoApprox = 0
-memLimit = -1
-PrintSamplePerIteration = 0
-SAInterval = 100
-MaxSeconds = 
-SATempDownRatio = 0.9
-SA = 0
-hybrid = 0
-propstdev = tmp.sd
-contSamples = 
-mwsMaxSteps = 1000000
-tries = 1
-targetWt = 0
-breakHardClauses = 0
-heuristic = 2
-tabuLength = 10
-lazyLowState = 0
-burnMinSteps = 100
-burnMaxSteps = 100
-minSteps = 2000
-maxSteps = 2000
-maxSeconds = -1
-subInterval = 2
-numRuns = 3
-numSwap = 10
-lifted = 0
-useHC = 0
-useCT = 0
-convThresh = 0.0001
-convIterations = 20
-explicitRep = 0
-hcCreateType = 0
-hcCreateNoise = 0
-lncIter = 0
-noHC = 
-numSolutions = 10
-saRatio = 50
-saTemperature = 80
-lateSa = 1
-numChains = 10
-delta = 0.05
-epsilonError = 0.01
-fracConverged = 0.95
-walksatType = 1
-testConvergence = 0
-samplesPerTest = 100
-e = /home/patrick/projects/phd/experiments/experiment-1/scripts/../inference/1591f96c-0354-4b07-b6e4-eea7374b4b73/models/full/input.db
-r = /home/patrick/projects/phd/experiments/experiment-1/scripts/../inference/1591f96c-0354-4b07-b6e4-eea7374b4b73/models/full/output.result
-q = 
-f = /home/patrick/projects/phd/experiments/experiment-1/scripts/../inference/1591f96c-0354-4b07-b6e4-eea7374b4b73/models/full/query.db
----------------- end of parameters ----------------
Reading formulas and evidence predicates...
input.mln28924_tmpalchemy.mln
Adding clauses to MLN...
converting to CNF:
formula 0: CallingOut(Catherine) => Person(Catherine)
clause 0: !CallingOut(Catherine) v Person(Catherine)
CNF conversion took 0 secs
formula 1: CallingOut(Swimmer) => Person(Swimmer)
clause 0: !CallingOut(Swimmer) v Person(Swimmer)
CNF conversion took 0 secs
formula 2: Person(Catherine) ^ Drowning(Catherine) => NeedsHelp(Catherine)
clause 0: !Drowning(Catherine) v !Person(Catherine) v NeedsHelp(Catherine)
CNF conversion took 0 secs
formula 3: Person(Swimmer) ^ Drowning(Swimmer) => NeedsHelp(Swimmer)
clause 0: !Drowning(Swimmer) v !Person(Swimmer) v NeedsHelp(Swimmer)
CNF conversion took 0 secs
formula 4: At(Catherine,Beach) => SwimToHelp(Catherine,Catherine)
clause 0: !At(Catherine,Beach) v SwimToHelp(Catherine,Catherine)
CNF conversion took 0 secs
formula 5: At(Catherine,Beach) => SwimToHelp(Swimmer,Catherine)
clause 0: !At(Catherine,Beach) v SwimToHelp(Swimmer,Catherine)
CNF conversion took 0 secs
formula 6: At(Swimmer,Beach) => SwimToHelp(Catherine,Swimmer)
clause 0: !At(Swimmer,Beach) v SwimToHelp(Catherine,Swimmer)
CNF conversion took 0 secs
formula 7: At(Swimmer,Beach) => SwimToHelp(Swimmer,Swimmer)
clause 0: !At(Swimmer,Beach) v SwimToHelp(Swimmer,Swimmer)
CNF conversion took 0 secs
formula 8: At(Catherine,Beach)
clause 0: At(Catherine,Beach)
CNF conversion took 0 secs
formula 9: !At(Swimmer,Beach)
clause 0: !At(Swimmer,Beach)
CNF conversion took 0 secs
formula 10: Drowning(Swimmer)
clause 0: Drowning(Swimmer)
CNF conversion took 0 secs
formula 11: CallingOut(Swimmer)
clause 0: CallingOut(Swimmer)
CNF conversion took 0 secs
formula 12: SwimToHelp(Catherine,Swimmer)
clause 0: SwimToHelp(Catherine,Swimmer)
CNF conversion took 0 secs
formula 13: !Person(Swimmer)
clause 0: !Person(Swimmer)
CNF conversion took 0 secs
BEGIN CNF CONVERSION RESULT
formula 0 idx 0: 999 !CallingOut(Catherine) v Person(Catherine)
formula 1 idx 0: 999 !CallingOut(Swimmer) v Person(Swimmer)
formula 2 idx 0: 999 !Drowning(Catherine) v !Person(Catherine) v NeedsHelp(Catherine)
formula 3 idx 0: 999 !Drowning(Swimmer) v !Person(Swimmer) v NeedsHelp(Swimmer)
formula 4 idx 0: 2 !At(Catherine,Beach) v SwimToHelp(Catherine,Catherine)
formula 5 idx 0: 2 !At(Catherine,Beach) v SwimToHelp(Swimmer,Catherine)
formula 6 idx 0: 2 !At(Swimmer,Beach) v SwimToHelp(Catherine,Swimmer)
formula 7 idx 0: 2 !At(Swimmer,Beach) v SwimToHelp(Swimmer,Swimmer)
formula 8 idx 0: 999 At(Catherine,Beach)
formula 9 idx 0: 999 !At(Swimmer,Beach)
formula 10 idx 0: 999 Drowning(Swimmer)
formula 11 idx 0: 999 CallingOut(Swimmer)
formula 12 idx 0: 999 SwimToHelp(Catherine,Swimmer)
formula 13 idx 0: 999 !Person(Swimmer)
END CNF CONVERSION RESULT
Reading query predicates that are specified in query file...
At(Catherine,Beach)
At(Swimmer,Beach)
Drowning(Catherine)
Drowning(Swimmer)
CallingOut(Catherine)
CallingOut(Swimmer)
Person(Catherine)
Person(Swimmer)
SwimToHelp(Catherine,Catherine)
SwimToHelp(Catherine,Swimmer)
SwimToHelp(Swimmer,Catherine)
SwimToHelp(Swimmer,Swimmer)
NeedsHelp(Catherine)
NeedsHelp(Swimmer)
Set hard weight to 10008
creating mrf...
number of grounded predicates = 14
number of grounded clauses = 14
Time taken to construct MRF = 0 secs
[VS] 0 secs
>>> DONE: Initial num. of clauses: 14
Initializing MC-SAT with MaxWalksat on hard clauses...
Running MC-SAT sampling...
Sample (per pred) 100, time elapsed = 0 secs, num. preds = 14, num. clauses = 14
Done burning. 100 samples.
Sample (per pred) 100, time elapsed = 0 secs, num. preds = 14, num. clauses = 14
Sample (per pred) 200, time elapsed = 0.01 secs, num. preds = 14, num. clauses = 14
Sample (per pred) 300, time elapsed = 0.01 secs, num. preds = 14, num. clauses = 14
Sample (per pred) 400, time elapsed = 0.01 secs, num. preds = 14, num. clauses = 14
Sample (per pred) 500, time elapsed = 0.01 secs, num. preds = 14, num. clauses = 14
Sample (per pred) 600, time elapsed = 0.01 secs, num. preds = 14, num. clauses = 14
Sample (per pred) 700, time elapsed = 0.02 secs, num. preds = 14, num. clauses = 14
Sample (per pred) 800, time elapsed = 0.02 secs, num. preds = 14, num. clauses = 14
Sample (per pred) 900, time elapsed = 0.02 secs, num. preds = 14, num. clauses = 14
Sample (per pred) 1000, time elapsed = 0.03 secs, num. preds = 14, num. clauses = 14
Sample (per pred) 1100, time elapsed = 0.03 secs, num. preds = 14, num. clauses = 14
Sample (per pred) 1200, time elapsed = 0.03 secs, num. preds = 14, num. clauses = 14
Sample (per pred) 1300, time elapsed = 0.03 secs, num. preds = 14, num. clauses = 14
Sample (per pred) 1400, time elapsed = 0.04 secs, num. preds = 14, num. clauses = 14
Sample (per pred) 1500, time elapsed = 0.04 secs, num. preds = 14, num. clauses = 14
Sample (per pred) 1600, time elapsed = 0.04 secs, num. preds = 14, num. clauses = 14
Sample (per pred) 1700, time elapsed = 0.05 secs, num. preds = 14, num. clauses = 14
Sample (per pred) 1800, time elapsed = 0.05 secs, num. preds = 14, num. clauses = 14
Sample (per pred) 1900, time elapsed = 0.05 secs, num. preds = 14, num. clauses = 14
Sample (per pred) 2000, time elapsed = 0.06 secs, num. preds = 14, num. clauses = 14
Done MC-SAT sampling. 2000 samples.
Final ground predicate number: 14
Final ground clause number: 14
Time taken for MC-SAT sampling = 0.06 secs
Time taken for SampleSat = 0.02 secs
Time-Results: Init 0 Run 0.06 Total 0.06
BEGIN CLAUSE TRUE COUNTS
clause 0: 2000 / 2000 (1 groundings) 999 !CallingOut(Catherine) v Person(Catherine)
clause 1: 2000 / 2000 (1 groundings) 999 !CallingOut(Swimmer) v Person(Swimmer)
clause 2: 2000 / 2000 (1 groundings) 999 !Drowning(Catherine) v !Person(Catherine) v NeedsHelp(Catherine)
clause 3: 2000 / 2000 (1 groundings) 999 !Drowning(Swimmer) v !Person(Swimmer) v NeedsHelp(Swimmer)
clause 4: 1791 / 2000 (1 groundings) 2 !At(Catherine,Beach) v SwimToHelp(Catherine,Catherine)
clause 5: 1774 / 2000 (1 groundings) 2 !At(Catherine,Beach) v SwimToHelp(Swimmer,Catherine)
clause 6: 2000 / 2000 (1 groundings) 2 !At(Swimmer,Beach) v SwimToHelp(Catherine,Swimmer)
clause 7: 2000 / 2000 (1 groundings) 2 !At(Swimmer,Beach) v SwimToHelp(Swimmer,Swimmer)
clause 8: 2000 / 2000 (1 groundings) 999 At(Catherine,Beach)
clause 9: 2000 / 2000 (1 groundings) 999 !At(Swimmer,Beach)
clause 10: 2000 / 2000 (1 groundings) 999 Drowning(Swimmer)
clause 11: 0 / 2000 (1 groundings) 999 CallingOut(Swimmer)
clause 12: 2000 / 2000 (1 groundings) 999 SwimToHelp(Catherine,Swimmer)
clause 13: 2000 / 2000 (1 groundings) 999 !Person(Swimmer)
END CLAUSE TRUE COUNTS
total time taken = 0.06 secs
